<?xml version="1.0" encoding="utf-8"?>
<TestRun id="8c6519f0-9b22-454f-a32b-42804d1c3b58" name="@WINFO-PC00 2020-03-08 23:33:47" xmlns="http://microsoft.com/schemas/VisualStudio/TeamTest/2010">
  <Times creation="2020-03-08T23:33:47.9874553-03:00" queuing="2020-03-08T23:33:47.9874556-03:00" start="2020-03-08T23:33:46.7578126-03:00" finish="2020-03-08T23:33:47.9979187-03:00" />
  <TestSettings name="default" id="b8db9714-31e7-4faf-9d09-e69cb3b4a12d">
    <Deployment runDeploymentRoot="_WINFO-PC00_2020-03-08_23_33_47" />
  </TestSettings>
  <TestLists>
    <TestList name="Resultados que não estão em uma lista" id="8c84fa94-04c1-424b-9868-57a2d4851a1d" />
    <TestList name="Todos os resultados carregados" id="19431567-8539-422a-85d7-44ee4e166bda" />
  </TestLists>
  <ResultSummary outcome="Completed">
    <Counters total="0" executed="0" passed="0" failed="0" error="0" timeout="0" aborted="0" inconclusive="0" passedButRunAborted="0" notRunnable="0" notExecuted="0" disconnected="0" warning="0" completed="0" inProgress="0" pending="0" />
    <Output>
      <StdOut>[xUnit.net 00:00:00.00] xUnit.net VSTest Adapter v2.4.1 (64-bit .NET Core 3.1.1)
[xUnit.net 00:00:00.61]   Discovering: softplan
[xUnit.net 00:00:00.63]   Discovered:  softplan
</StdOut>
    </Output>
    <RunInfos>
      <RunInfo computerName="WINFO-PC00" outcome="Warning" timestamp="2020-03-08T23:33:47.8907944-03:00">
        <Text>Não há nenhum teste disponível em /home/warlem/dotnet/softplan/bin/Debug/netcoreapp3.1/softplan.dll. Verifique se o detector e os executores de teste estão registrados e se as configurações de versão da estrutura da plataforma &amp; são apropriadas e tente novamente.</Text>
      </RunInfo>
    </RunInfos>
  </ResultSummary>
</TestRun>